{"D:\\Y4\\RP\\Project\\Strawberry-Rover-Mobile\\components\\CustomButton.tsx": {"path":"D:\\Y4\\RP\\Project\\Strawberry-Rover-Mobile\\components\\CustomButton.tsx","statementMap":{"0":{"start":{"line":12,"column":21},"end":{"line":29,"column":1}},"1":{"start":{"line":19,"column":2},"end":{"line":28,"column":4}}},"fnMap":{"0":{"name":"(anonymous_0)","decl":{"start":{"line":12,"column":21},"end":{"line":12,"column":22}},"loc":{"start":{"line":18,"column":13},"end":{"line":29,"column":1}},"line":18}},"branchMap":{},"s":{"0":1,"1":4},"f":{"0":4},"b":{},"_coverageSchema":"1a1c01bbd47fc00a2c39e90264f33305004495a9","hash":"98919eb41da01a3391a18ea4b5414a824591fd0e"}
,"D:\\Y4\\RP\\Project\\Strawberry-Rover-Mobile\\components\\CustomInputField.tsx": {"path":"D:\\Y4\\RP\\Project\\Strawberry-Rover-Mobile\\components\\CustomInputField.tsx","statementMap":{"0":{"start":{"line":17,"column":58},"end":{"line":68,"column":1}},"1":{"start":{"line":28,"column":42},"end":{"line":28,"column":57}},"2":{"start":{"line":29,"column":36},"end":{"line":29,"column":51}},"3":{"start":{"line":31,"column":2},"end":{"line":67,"column":4}},"4":{"start":{"line":45,"column":25},"end":{"line":45,"column":43}},"5":{"start":{"line":47,"column":12},"end":{"line":47,"column":32}},"6":{"start":{"line":48,"column":12},"end":{"line":48,"column":32}},"7":{"start":{"line":54,"column":27},"end":{"line":54,"column":57}}},"fnMap":{"0":{"name":"(anonymous_0)","decl":{"start":{"line":17,"column":58},"end":{"line":17,"column":59}},"loc":{"start":{"line":27,"column":6},"end":{"line":68,"column":1}},"line":27},"1":{"name":"(anonymous_1)","decl":{"start":{"line":45,"column":19},"end":{"line":45,"column":20}},"loc":{"start":{"line":45,"column":25},"end":{"line":45,"column":43}},"line":45},"2":{"name":"(anonymous_2)","decl":{"start":{"line":46,"column":18},"end":{"line":46,"column":19}},"loc":{"start":{"line":46,"column":25},"end":{"line":49,"column":11}},"line":46},"3":{"name":"(anonymous_3)","decl":{"start":{"line":54,"column":21},"end":{"line":54,"column":22}},"loc":{"start":{"line":54,"column":27},"end":{"line":54,"column":57}},"line":54}},"branchMap":{"0":{"loc":{"start":{"line":19,"column":2},"end":{"line":19,"column":15}},"type":"default-arg","locations":[{"start":{"line":19,"column":9},"end":{"line":19,"column":15}}],"line":19},"1":{"loc":{"start":{"line":26,"column":2},"end":{"line":26,"column":17}},"type":"default-arg","locations":[{"start":{"line":26,"column":13},"end":{"line":26,"column":17}}],"line":26},"2":{"loc":{"start":{"line":36,"column":10},"end":{"line":36,"column":74}},"type":"cond-expr","locations":[{"start":{"line":36,"column":22},"end":{"line":36,"column":47}},{"start":{"line":36,"column":50},"end":{"line":36,"column":74}}],"line":36},"3":{"loc":{"start":{"line":44,"column":27},"end":{"line":44,"column":63}},"type":"binary-expr","locations":[{"start":{"line":44,"column":27},"end":{"line":44,"column":46}},{"start":{"line":44,"column":50},"end":{"line":44,"column":63}}],"line":44},"4":{"loc":{"start":{"line":48,"column":12},"end":{"line":48,"column":31}},"type":"binary-expr","locations":[{"start":{"line":48,"column":12},"end":{"line":48,"column":18}},{"start":{"line":48,"column":22},"end":{"line":48,"column":31}}],"line":48},"5":{"loc":{"start":{"line":52,"column":9},"end":{"line":63,"column":9}},"type":"binary-expr","locations":[{"start":{"line":52,"column":9},"end":{"line":52,"column":28}},{"start":{"line":53,"column":10},"end":{"line":62,"column":29}}],"line":52},"6":{"loc":{"start":{"line":58,"column":20},"end":{"line":58,"column":53}},"type":"cond-expr","locations":[{"start":{"line":58,"column":36},"end":{"line":58,"column":41}},{"start":{"line":58,"column":44},"end":{"line":58,"column":53}}],"line":58}},"s":{"0":1,"1":11,"2":11,"3":11,"4":1,"5":1,"6":1,"7":2},"f":{"0":11,"1":1,"2":1,"3":2},"b":{"0":[8],"1":[10],"2":[1,10],"3":[11,3],"4":[1,1],"5":[11,3],"6":[2,1]},"_coverageSchema":"1a1c01bbd47fc00a2c39e90264f33305004495a9","hash":"b57cf13e93f3d5f393848ca5c969c035e51ad140"}
,"D:\\Y4\\RP\\Project\\Strawberry-Rover-Mobile\\components\\ScreenWrapper.tsx": {"path":"D:\\Y4\\RP\\Project\\Strawberry-Rover-Mobile\\components\\ScreenWrapper.tsx","statementMap":{"0":{"start":{"line":4,"column":22},"end":{"line":10,"column":1}},"1":{"start":{"line":5,"column":2},"end":{"line":9,"column":4}}},"fnMap":{"0":{"name":"(anonymous_0)","decl":{"start":{"line":4,"column":22},"end":{"line":4,"column":23}},"loc":{"start":{"line":4,"column":59},"end":{"line":10,"column":1}},"line":4}},"branchMap":{},"s":{"0":1,"1":2},"f":{"0":2},"b":{},"_coverageSchema":"1a1c01bbd47fc00a2c39e90264f33305004495a9","hash":"84027413b3b30c9c5692a7f1146237fb41edf233"}
,"D:\\Y4\\RP\\Project\\Strawberry-Rover-Mobile\\components\\StatusCard.tsx": {"path":"D:\\Y4\\RP\\Project\\Strawberry-Rover-Mobile\\components\\StatusCard.tsx","statementMap":{"0":{"start":{"line":16,"column":46},"end":{"line":45,"column":1}},"1":{"start":{"line":26,"column":2},"end":{"line":44,"column":4}}},"fnMap":{"0":{"name":"(anonymous_0)","decl":{"start":{"line":16,"column":46},"end":{"line":16,"column":47}},"loc":{"start":{"line":25,"column":6},"end":{"line":45,"column":1}},"line":25}},"branchMap":{"0":{"loc":{"start":{"line":39,"column":13},"end":{"line":39,"column":39}},"type":"cond-expr","locations":[{"start":{"line":39,"column":29},"end":{"line":39,"column":33}},{"start":{"line":39,"column":36},"end":{"line":39,"column":39}}],"line":39}},"s":{"0":1,"1":3},"f":{"0":3},"b":{"0":[1,2]},"_coverageSchema":"1a1c01bbd47fc00a2c39e90264f33305004495a9","hash":"cc69e19f678310f8571bd3e41dad9dbd3e96d452"}
,"D:\\Y4\\RP\\Project\\Strawberry-Rover-Mobile\\components\\TimelineCard.tsx": {"path":"D:\\Y4\\RP\\Project\\Strawberry-Rover-Mobile\\components\\TimelineCard.tsx","statementMap":{"0":{"start":{"line":9,"column":21},"end":{"line":29,"column":1}},"1":{"start":{"line":10,"column":2},"end":{"line":28,"column":4}}},"fnMap":{"0":{"name":"(anonymous_0)","decl":{"start":{"line":9,"column":21},"end":{"line":9,"column":22}},"loc":{"start":{"line":9,"column":52},"end":{"line":29,"column":1}},"line":9}},"branchMap":{},"s":{"0":1,"1":3},"f":{"0":3},"b":{},"_coverageSchema":"1a1c01bbd47fc00a2c39e90264f33305004495a9","hash":"990f846e862e5bc5f4ac3b6a18bf0f98ce2f8d02"}
,"D:\\Y4\\RP\\Project\\Strawberry-Rover-Mobile\\components\\TodayPollinatedCard.tsx": {"path":"D:\\Y4\\RP\\Project\\Strawberry-Rover-Mobile\\components\\TodayPollinatedCard.tsx","statementMap":{"0":{"start":{"line":8,"column":28},"end":{"line":28,"column":1}},"1":{"start":{"line":9,"column":2},"end":{"line":27,"column":4}}},"fnMap":{"0":{"name":"(anonymous_0)","decl":{"start":{"line":8,"column":28},"end":{"line":8,"column":29}},"loc":{"start":{"line":8,"column":56},"end":{"line":28,"column":1}},"line":8}},"branchMap":{},"s":{"0":1,"1":3},"f":{"0":3},"b":{},"_coverageSchema":"1a1c01bbd47fc00a2c39e90264f33305004495a9","hash":"3cce5a212a574250c007fbf1ecb1721b26201788"}
}
