TN:
SF:components\CustomButton.tsx
FN:12,(anonymous_0)
FNF:1
FNH:1
FNDA:4,(anonymous_0)
DA:12,1
DA:19,4
LF:2
LH:2
BRF:0
BRH:0
end_of_record
TN:
SF:components\CustomInputField.tsx
FN:17,(anonymous_0)
FN:45,(anonymous_1)
FN:46,(anonymous_2)
FN:54,(anonymous_3)
FNF:4
FNH:4
FNDA:11,(anonymous_0)
FNDA:1,(anonymous_1)
FNDA:1,(anonymous_2)
FNDA:2,(anonymous_3)
DA:17,1
DA:28,11
DA:29,11
DA:31,11
DA:45,1
DA:47,1
DA:48,1
DA:54,2
LF:8
LH:8
BRDA:19,0,0,8
BRDA:26,1,0,10
BRDA:36,2,0,1
BRDA:36,2,1,10
BRDA:44,3,0,11
BRDA:44,3,1,3
BRDA:48,4,0,1
BRDA:48,4,1,1
BRDA:52,5,0,11
BRDA:52,5,1,3
BRDA:58,6,0,2
BRDA:58,6,1,1
BRF:12
BRH:12
end_of_record
TN:
SF:components\ScreenWrapper.tsx
FN:4,(anonymous_0)
FNF:1
FNH:1
FNDA:2,(anonymous_0)
DA:4,1
DA:5,2
LF:2
LH:2
BRF:0
BRH:0
end_of_record
TN:
SF:components\StatusCard.tsx
FN:16,(anonymous_0)
FNF:1
FNH:1
FNDA:3,(anonymous_0)
DA:16,1
DA:26,3
LF:2
LH:2
BRDA:39,0,0,1
BRDA:39,0,1,2
BRF:2
BRH:2
end_of_record
TN:
SF:components\TimelineCard.tsx
FN:9,(anonymous_0)
FNF:1
FNH:1
FNDA:3,(anonymous_0)
DA:9,1
DA:10,3
LF:2
LH:2
BRF:0
BRH:0
end_of_record
TN:
SF:components\TodayPollinatedCard.tsx
FN:8,(anonymous_0)
FNF:1
FNH:1
FNDA:3,(anonymous_0)
DA:8,1
DA:9,3
LF:2
LH:2
BRF:0
BRH:0
end_of_record
